*** Using Compiler 'V5.06 update 6 (build 750)', folder: 'F:\Keil_v5\ARM\ARMCC\Bin'
Build target 'Cube_DHT11_WiFi'
assembling startup_stm32f103xe.s...
compiling gpio.c...
compiling tim.c...
compiling stm32f1xx_hal_msp.c...
compiling main.c...
compiling stm32f1xx_it.c...
compiling DHT11.c...
compiling esp8266.c...
compiling stm32f1xx_hal_gpio_ex.c...
compiling wifi.c...
compiling stm32f1xx_hal.c...
compiling usart.c...
compiling stm32f1xx_hal_tim_ex.c...
compiling stm32f1xx_hal_tim.c...
compiling stm32f1xx_hal_rcc.c...
compiling system_stm32f1xx.c...
compiling stm32f1xx_hal_rcc_ex.c...
compiling stm32f1xx_hal_cortex.c...
compiling stm32f1xx_hal_pwr.c...
compiling stm32f1xx_hal_gpio.c...
compiling stm32f1xx_hal_exti.c...
compiling stm32f1xx_hal_flash_ex.c...
compiling stm32f1xx_hal_flash.c...
compiling stm32f1xx_hal_dma.c...
compiling stm32f1xx_hal_uart.c...
linking...
Program Size: Code=10096 RO-data=444 RW-data=28 ZI-data=4316  
FromELF: creating hex file...
"Cube_project_DHT11\Cube_project_DHT11.axf" - 0 Error(s), 0 Warning(s).
Build Time Elapsed:  00:00:07
